2025-06-27 09:24:35,741 - INFO - Using device: cpu
2025-06-27 09:24:39,111 - WARNING - Failed to load microsoft/deberta-v3-base, falling back to DistilBERT
2025-06-27 09:24:40,082 - INFO - Loading PSC data...
2025-06-27 09:24:40,906 - INFO - Loaded 2344 PSC codes
2025-06-27 09:24:40,906 - INFO - Preparing training data with advanced techniques...
2025-06-27 09:24:40,975 - INFO - Balancing dataset...
2025-06-27 09:24:43,872 - INFO - Dataset balanced: 27303 -> 26797 samples
2025-06-27 09:24:43,874 - INFO - Classes: 2344 -> 2274
2025-06-27 09:24:43,881 - INFO - Final dataset: 26797 samples across 2274 classes
2025-06-27 09:24:43,884 - INFO - Starting enhanced training pipeline...
2025-06-27 09:24:43,957 - INFO - Data splits - Train: 18757, Val: 5359, Test: 2681
2025-06-27 09:24:43,957 - INFO - Creating distilbert-base-uncased model for 2274 classes...
2025-06-27 09:25:20,040 - INFO - Model created and moved to device
2025-06-27 09:25:20,062 - ERROR - Training failed: TrainingArguments.__init__() got an unexpected keyword argument 'evaluation_strategy'
2025-06-27 09:25:20,070 - ERROR - Training pipeline failed!
2025-06-27 09:42:03,936 - INFO - Using device: cpu
2025-06-27 09:42:04,634 - WARNING - Failed to load microsoft/deberta-v3-base, falling back to DistilBERT
2025-06-27 09:42:05,587 - INFO - Loading PSC data...
2025-06-27 09:42:06,382 - INFO - Loaded 2344 PSC codes
2025-06-27 09:42:06,382 - INFO - Preparing training data with advanced techniques...
2025-06-27 09:42:06,456 - INFO - Balancing dataset...
2025-06-27 09:42:09,519 - INFO - Dataset balanced: 27303 -> 26797 samples
2025-06-27 09:42:09,520 - INFO - Classes: 2344 -> 2274
2025-06-27 09:42:09,527 - INFO - Final dataset: 26797 samples across 2274 classes
2025-06-27 09:42:09,530 - INFO - Starting enhanced training pipeline...
2025-06-27 09:42:09,596 - INFO - Data splits - Train: 18757, Val: 5359, Test: 2681
2025-06-27 09:42:09,597 - INFO - Creating distilbert-base-uncased model for 2274 classes...
2025-06-27 09:42:10,013 - INFO - Model created and moved to device
2025-06-27 09:42:10,021 - ERROR - Training failed: TrainingArguments.__init__() got an unexpected keyword argument 'evaluation_strategy'
2025-06-27 09:42:10,030 - ERROR - Training pipeline failed!
